<?xml version="1.0" encoding="UTF-8"?>
<testsuite xmlns:xsi="http://www.w3.org/2001/XMLSchema-instance" xsi:noNamespaceSchemaLocation="https://maven.apache.org/surefire/maven-surefire-plugin/xsd/surefire-test-report-3.0.xsd" version="3.0" name="com.example.demo.DemoApplicationTests" time="44.303" tests="1" errors="0" skipped="0" failures="0">
  <properties>
[...]
</properties>
  <testcase name="contextLoads" classname="com.example.demo.DemoApplicationTests" time="3.458">
    <system-out><![CDATA[21:33:40.747 [main] INFO org.springframework.test.context.support.AnnotationConfigContextLoaderUtils -- Could not detect default configuration classes for test class [com.example.demo.DemoApplicationTests]: DemoApplicationTests does not declare any static, non-private, non-final, nested classes annotated with @Configuration.
21:33:41.408 [main] INFO org.springframework.boot.test.context.SpringBootTestContextBootstrapper -- Found @SpringBootConfiguration com.example.demo.DemoApplication for test class com.example.demo.DemoApplicationTests
21:33:42.595 [main] INFO org.springframework.boot.devtools.restart.RestartApplicationListener -- Restart disabled due to context in which it is running

  .   ____          _            __ _ _
 /\\ / ___'_ __ _ _(_)_ __  __ _ \ \ \ \
( ( )\___ | '_ | '_| | '_ \/ _` | \ \ \ \
 \\/  ___)| |_)| | | | | || (_| |  ) ) ) )
  '  |____| .__|_| |_|_| |_\__, | / / / /
 =========|_|==============|___/=/_/_/_/
 :: Spring Boot ::                (v3.1.5)

2024-01-16T21:33:49.710+01:00  INFO 31500 --- [           main] c.c.c.ConfigServicePropertySourceLocator : Fetching config from server at : http://localhost:8071
2024-01-16T21:33:50.430+01:00  INFO 31500 --- [           main] c.c.c.ConfigServicePropertySourceLocator : Located environment: name=taxtnb, profiles=[dev], label=null, version=null, state=null
2024-01-16T21:33:50.437+01:00  INFO 31500 --- [           main] b.c.PropertySourceBootstrapConfiguration : Located property source: [BootstrapPropertySource {name='bootstrapProperties-configClient'}, BootstrapPropertySource {name='bootstrapProperties-file:/C:/Users/ORIGINAL/cloud/taxtnb-dev.properties'}, BootstrapPropertySource {name='bootstrapProperties-file:/C:/Users/ORIGINAL/cloud/taxtnb.properties'}]
2024-01-16T21:33:50.552+01:00  INFO 31500 --- [           main] com.example.demo.DemoApplicationTests    : The following 1 profile is active: "dev"
2024-01-16T21:33:53.058+01:00  INFO 31500 --- [           main] .s.d.r.c.RepositoryConfigurationDelegate : Bootstrapping Spring Data JPA repositories in DEFAULT mode.
2024-01-16T21:33:53.874+01:00  INFO 31500 --- [           main] .s.d.r.c.RepositoryConfigurationDelegate : Finished Spring Data repository scanning in 782 ms. Found 6 JPA repository interfaces.
2024-01-16T21:33:55.068+01:00  INFO 31500 --- [           main] o.s.cloud.context.scope.GenericScope     : BeanFactory id=f04dd564-7800-3ec1-b7ca-0edceaaeb230
2024-01-16T21:33:55.466+01:00  INFO 31500 --- [           main] trationDelegate$BeanPostProcessorChecker : Bean 'org.springframework.ws.config.annotation.DelegatingWsConfiguration' of type [org.springframework.ws.config.annotation.DelegatingWsConfiguration$$SpringCGLIB$$0] is not eligible for getting processed by all BeanPostProcessors (for example: not eligible for auto-proxying)
2024-01-16T21:33:55.677+01:00  INFO 31500 --- [           main] .w.s.a.s.AnnotationActionEndpointMapping : Supporting [WS-Addressing August 2004, WS-Addressing 1.0]
2024-01-16T21:33:56.541+01:00  INFO 31500 --- [           main] o.hibernate.jpa.internal.util.LogHelper  : HHH000204: Processing PersistenceUnitInfo [name: default]
2024-01-16T21:33:56.802+01:00  INFO 31500 --- [           main] org.hibernate.Version                    : HHH000412: Hibernate ORM core version 6.2.13.Final
2024-01-16T21:33:56.815+01:00  INFO 31500 --- [           main] org.hibernate.cfg.Environment            : HHH000406: Using bytecode reflection optimizer
2024-01-16T21:33:58.780+01:00  INFO 31500 --- [           main] o.s.o.j.p.SpringPersistenceUnitInfo      : No LoadTimeWeaver setup: ignoring JPA class transformer
2024-01-16T21:33:59.100+01:00  INFO 31500 --- [           main] com.zaxxer.hikari.HikariDataSource       : HikariPool-1 - Starting...
2024-01-16T21:34:00.097+01:00  INFO 31500 --- [           main] com.zaxxer.hikari.pool.HikariPool        : HikariPool-1 - Added connection com.mysql.cj.jdbc.ConnectionImpl@5ec6a1b6
2024-01-16T21:34:00.104+01:00  INFO 31500 --- [           main] com.zaxxer.hikari.HikariDataSource       : HikariPool-1 - Start completed.
2024-01-16T21:34:00.510+01:00  WARN 31500 --- [           main] org.hibernate.dialect.Dialect            : HHH000511: The 5.5.0 version for [org.hibernate.dialect.MySQLDialect] is no longer supported, hence certain features may not work properly. The minimum supported version is 5.7.0. Check the community dialects project for available legacy versions.
2024-01-16T21:34:05.708+01:00  INFO 31500 --- [           main] o.h.e.t.j.p.i.JtaPlatformInitiator       : HHH000489: No JTA platform available (set 'hibernate.transaction.jta.platform' to enable JTA platform integration)
Hibernate: create table categorie (id integer not null auto_increment, type varchar(255), primary key (id)) engine=InnoDB
Hibernate: create table proprietaire (id integer not null auto_increment, cin varchar(255), nom varchar(255), password varchar(255), prenom varchar(255), primary key (id)) engine=InnoDB
Hibernate: create table proprietaire_roles (proprietaire_id integer not null, role_id integer not null, primary key (proprietaire_id, role_id)) engine=InnoDB
Hibernate: create table role (id integer not null auto_increment, name enum ('ROLE_ADMIN','ROLE_USER'), primary key (id)) engine=InnoDB
Hibernate: create table taux (id integer not null auto_increment, montant float(53) not null, categorie_id integer, primary key (id)) engine=InnoDB
Hibernate: create table taxe_tnb (id bigint not null auto_increment, description varchar(255), label varchar(255), montantbase float(53), tnbyear integer not null, categorie_id integer, proprietaire_id integer, taux_id integer, terrain_id integer, primary key (id)) engine=InnoDB
Hibernate: create table terrain (id integer not null auto_increment, mc integer not null, categorie_id integer, proprietaire_id integer, primary key (id)) engine=InnoDB
Hibernate: alter table proprietaire_roles add constraint FKbo2alu7t61tppfr3pkcrb32n8 foreign key (role_id) references role (id)
Hibernate: alter table proprietaire_roles add constraint FKq0tmxhch3jqv1l06xjs3js950 foreign key (proprietaire_id) references proprietaire (id)
Hibernate: alter table taux add constraint FK65ccikdyw6b0img2i6i4obraf foreign key (categorie_id) references categorie (id)
Hibernate: alter table taxe_tnb add constraint FKlbm9eble0fxjp2f2vu6py166r foreign key (categorie_id) references categorie (id)
Hibernate: alter table taxe_tnb add constraint FKncrgam332ahxtcsg7fxhe3kux foreign key (proprietaire_id) references proprietaire (id)
Hibernate: alter table taxe_tnb add constraint FKe8nfbfcjj62dhqonkijo5vh4x foreign key (taux_id) references taux (id)
Hibernate: alter table taxe_tnb add constraint FKmuuj5hpmx85u5foaj670s45eb foreign key (terrain_id) references terrain (id)
Hibernate: alter table terrain add constraint FK7gvgk0p4mhcd0fbn43g6brtrd foreign key (categorie_id) references categorie (id)
Hibernate: alter table terrain add constraint FK1wrg5lm9f5a6nlkkst3mpm3mu foreign key (proprietaire_id) references proprietaire (id)
2024-01-16T21:34:06.746+01:00  INFO 31500 --- [           main] j.LocalContainerEntityManagerFactoryBean : Initialized JPA EntityManagerFactory for persistence unit 'default'
2024-01-16T21:34:08.816+01:00  INFO 31500 --- [           main] o.s.d.j.r.query.QueryEnhancerFactory     : Hibernate is in classpath; If applicable, HQL parser will be used.
2024-01-16T21:34:11.154+01:00  WARN 31500 --- [           main] JpaBaseConfiguration$JpaWebConfiguration : spring.jpa.open-in-view is enabled by default. Therefore, database queries may be performed during view rendering. Explicitly configure spring.jpa.open-in-view to disable this warning
2024-01-16T21:34:15.683+01:00  INFO 31500 --- [           main] o.s.cloud.commons.util.InetUtils         : Cannot determine local hostname
2024-01-16T21:34:15.783+01:00  INFO 31500 --- [           main] DiscoveryClientOptionalArgsConfiguration : Eureka HTTP Client uses RestTemplate.
2024-01-16T21:34:17.966+01:00  INFO 31500 --- [           main] o.s.cloud.commons.util.InetUtils         : Cannot determine local hostname
2024-01-16T21:34:18.243+01:00  WARN 31500 --- [           main] iguration$LoadBalancerCaffeineWarnLogger : Spring Cloud LoadBalancer is currently working with the default cache. While this cache implementation is useful for development and tests, it's recommended to use Caffeine cache in production.You can switch to using Caffeine cache, by adding it and org.springframework.cache.caffeine.CaffeineCacheManager to the classpath.
2024-01-16T21:34:18.341+01:00  INFO 31500 --- [           main] o.s.c.n.eureka.InstanceInfoFactory       : Setting initial instance status as: STARTING
2024-01-16T21:34:18.763+01:00  INFO 31500 --- [           main] com.netflix.discovery.DiscoveryClient    : Initializing Eureka in region us-east-1
2024-01-16T21:34:18.787+01:00  INFO 31500 --- [           main] c.n.d.s.r.aws.ConfigClusterResolver      : Resolving eureka endpoints via configuration
2024-01-16T21:34:18.896+01:00  INFO 31500 --- [           main] com.netflix.discovery.DiscoveryClient    : Disable delta property : false
2024-01-16T21:34:18.897+01:00  INFO 31500 --- [           main] com.netflix.discovery.DiscoveryClient    : Single vip registry refresh property : null
2024-01-16T21:34:18.897+01:00  INFO 31500 --- [           main] com.netflix.discovery.DiscoveryClient    : Force full registry fetch : false
2024-01-16T21:34:18.897+01:00  INFO 31500 --- [           main] com.netflix.discovery.DiscoveryClient    : Application is null : false
2024-01-16T21:34:18.898+01:00  INFO 31500 --- [           main] com.netflix.discovery.DiscoveryClient    : Registered Applications size is zero : true
2024-01-16T21:34:18.898+01:00  INFO 31500 --- [           main] com.netflix.discovery.DiscoveryClient    : Application version is -1: true
2024-01-16T21:34:18.898+01:00  INFO 31500 --- [           main] com.netflix.discovery.DiscoveryClient    : Getting all instance registry info from the eureka server
2024-01-16T21:34:20.411+01:00  INFO 31500 --- [           main] com.netflix.discovery.DiscoveryClient    : The response status is 200
2024-01-16T21:34:20.419+01:00  INFO 31500 --- [           main] com.netflix.discovery.DiscoveryClient    : Starting heartbeat executor: renew interval is: 30
2024-01-16T21:34:20.429+01:00  INFO 31500 --- [           main] c.n.discovery.InstanceInfoReplicator     : InstanceInfoReplicator onDemand update allowed rate per min is 4
2024-01-16T21:34:20.451+01:00  INFO 31500 --- [           main] com.netflix.discovery.DiscoveryClient    : Discovery Client initialized at timestamp 1705437260445 with initial instances count: 0
2024-01-16T21:34:20.459+01:00  INFO 31500 --- [           main] o.s.c.n.e.s.EurekaServiceRegistry        : Registering application TAXTNB with eureka with status UP
2024-01-16T21:34:20.461+01:00  INFO 31500 --- [           main] com.netflix.discovery.DiscoveryClient    : Saw local status change event StatusChangeEvent [timestamp=1705437260461, current=UP, previous=STARTING]
2024-01-16T21:34:20.474+01:00  INFO 31500 --- [nfoReplicator-0] com.netflix.discovery.DiscoveryClient    : DiscoveryClient_TAXTNB/localhost:taxtnb:8090: registering service...
2024-01-16T21:34:20.511+01:00  INFO 31500 --- [           main] com.example.demo.DemoApplicationTests    : Started DemoApplicationTests in 38.043 seconds (process running for 43.882)
2024-01-16T21:34:20.881+01:00  INFO 31500 --- [nfoReplicator-0] com.netflix.discovery.DiscoveryClient    : DiscoveryClient_TAXTNB/localhost:taxtnb:8090 - registration status: 204
]]></system-out>
  </testcase>
</testsuite>